2023-08-13 14:26:58.566 [INF] BTCD: Version 0.23.3-beta
2023-08-13 14:26:58.567 [INF] BTCD: Loading block database from '/run/media/schmidh/0c954391-4861-4eb5-856e-1a42345e6c0c/BTCD/mainnet/blocks_ffldb'
2023-08-13 14:26:59.239 [INF] BTCD: Block database loaded
2023-08-13 14:26:59.252 [INF] INDX: Transaction index is enabled
2023-08-13 14:26:59.252 [INF] INDX: Committed filter index is enabled
2023-08-13 14:26:59.254 [INF] INDX: Catching up indexes from height -1 to 0
2023-08-13 14:26:59.254 [INF] INDX: Indexes caught up to height 0
2023-08-13 14:26:59.254 [INF] CHAN: Chain state (height 0, hash 000000000019d6689c085ae165831e934ff763ae46a2a6c172b3f1b60a8ce26f, totaltx 1, work 4295032833)
2023-08-13 14:26:59.254 [INF] RPCS: Generating TLS certificates...
2023-08-13 14:26:59.304 [INF] RPCS: Done generating TLS certificates
2023-08-13 14:26:59.305 [INF] RPCS: RPC server listening on [::1]:8334
2023-08-13 14:26:59.305 [INF] RPCS: RPC server listening on 127.0.0.1:8334
2023-08-13 14:26:59.305 [INF] AMGR: Loaded 0 addresses from file '/run/media/schmidh/0c954391-4861-4eb5-856e-1a42345e6c0c/BTCD/mainnet/peers.json'
2023-08-13 14:26:59.305 [INF] CMGR: Server listening on 0.0.0.0:8333
2023-08-13 14:26:59.305 [INF] CMGR: Server listening on [::]:8333
2023-08-13 14:26:59.310 [INF] CMGR: 36 addresses found from DNS seed dnsseed.bitcoin.dashjr.org
2023-08-13 14:26:59.316 [INF] CMGR: 39 addresses found from DNS seed seed.bitcoin.sipa.be
2023-08-13 14:26:59.318 [INF] CMGR: 37 addresses found from DNS seed seed.bitcoin.jonasschnelli.ch
2023-08-13 14:26:59.342 [INF] CMGR: 37 addresses found from DNS seed seed.bitcoinstats.com
2023-08-13 14:26:59.476 [INF] CMGR: 31 addresses found from DNS seed dnsseed.bluematt.me
2023-08-13 14:27:00.535 [INF] CMGR: 40 addresses found from DNS seed seed.bitnodes.io
2023-08-13 14:27:04.349 [INF] SYNC: New valid peer 185.119.118.68:8333 (outbound) (/Satoshi:24.0.1/)
2023-08-13 14:27:04.349 [INF] SYNC: Syncing to block height 802954 from peer 185.119.118.68:8333
2023-08-13 14:27:04.349 [INF] SYNC: Downloading headers for blocks 1 to 11111 from peer 185.119.118.68:8333
2023-08-13 14:27:04.382 [INF] SYNC: New valid peer 135.181.232.139:8333 (outbound) (/Satoshi:24.0.0/)
2023-08-13 14:27:04.382 [INF] SYNC: New valid peer [2a02:578:85ce:1600:1e1b:dff:fee3:774b]:8333 (outbound) (/Satoshi:24.0.1/)
2023-08-13 14:27:04.647 [INF] SYNC: New valid peer 198.48.132.237:8333 (outbound) (/Satoshi:24.0.1/)
2023-08-13 14:27:04.705 [INF] SYNC: New valid peer 45.45.27.233:8333 (outbound) (/Satoshi:24.0.1/)
2023-08-13 14:27:04.705 [INF] SYNC: New valid peer 41.72.154.66:8333 (outbound) (/Satoshi:24.0.1/)
2023-08-13 14:27:04.746 [INF] SYNC: Verified downloaded block header against checkpoint at height 11111/hash 0000000069e244f73d78e8fd29ba2fd2ed618bd6fa2ee92559f542fdb26e7c1d
2023-08-13 14:27:04.746 [INF] SYNC: Received 11111 block headers: Fetching blocks
2023-08-13 14:27:04.858 [INF] SYNC: New valid peer [240f:3c:b06b:1:642:1aff:fe09:2667]:8333 (outbound) (/Satoshi:25.0.0/)
2023-08-13 14:27:04.942 [INF] SYNC: Lost peer 198.48.132.237:8333 (outbound)
2023-08-13 14:27:05.171 [INF] SYNC: New valid peer 50.47.86.191:8333 (outbound) (/Satoshi:25.0.0/)
2023-08-13 14:27:05.181 [INF] SYNC: Lost peer 45.45.27.233:8333 (outbound)
2023-08-13 14:27:05.355 [INF] SYNC: New valid peer 213.190.213.219:8333 (outbound) (/Satoshi:24.0.1/)
2023-08-13 14:27:05.500 [INF] SYNC: New valid peer 35.200.95.220:8333 (outbound) (/Satoshi:0.20.1/)
2023-08-13 14:27:08.100 [INF] CHAN: Verified checkpoint at height 11111/block 0000000069e244f73d78e8fd29ba2fd2ed618bd6fa2ee92559f542fdb26e7c1d
2023-08-13 14:27:08.101 [INF] SYNC: Downloading headers for blocks 11112 to 33333 from peer 185.119.118.68:8333
2023-08-13 14:27:08.768 [INF] SYNC: Verified downloaded block header against checkpoint at height 33333/hash 000000002dd5588a74784eaa7ab0507a18ad16a236e7b1ce69f00d7ddfb5d0a6
2023-08-13 14:27:08.768 [INF] SYNC: Received 22222 block headers: Fetching blocks
2023-08-13 14:27:17.742 [INF] CHAN: Verified checkpoint at height 33333/block 000000002dd5588a74784eaa7ab0507a18ad16a236e7b1ce69f00d7ddfb5d0a6
2023-08-13 14:27:17.742 [INF] SYNC: Downloading headers for blocks 33334 to 74000 from peer 185.119.118.68:8333
2023-08-13 14:27:18.982 [INF] SYNC: Verified downloaded block header against checkpoint at height 74000/hash 0000000000573993a3c9e41ce34471c079dcf5f52a0e824a81e7f953b8661a20
2023-08-13 14:27:18.983 [INF] SYNC: Received 40667 block headers: Fetching blocks
2023-08-13 14:27:29.429 [INF] SYNC: Processed 45671 blocks in the last 10.44s (46152 transactions, height 45671, 2010-03-17 20:45:45 +0100 CET)
2023-08-13 14:27:39.430 [INF] SYNC: Processed 18659 blocks in the last 10s (26334 transactions, height 64330, 2010-07-05 03:25:46 +0200 CEST)
2023-08-13 14:27:46.952 [INF] CHAN: Verified checkpoint at height 74000/block 0000000000573993a3c9e41ce34471c079dcf5f52a0e824a81e7f953b8661a20
2023-08-13 14:27:46.952 [INF] SYNC: Downloading headers for blocks 74001 to 105000 from peer 185.119.118.68:8333
2023-08-13 14:27:47.817 [INF] SYNC: Verified downloaded block header against checkpoint at height 105000/hash 00000000000291ce28027faea320c8d2b054b2e0fe44a773f3eefb151d6bdc97
2023-08-13 14:27:47.817 [INF] SYNC: Received 31000 block headers: Fetching blocks
2023-08-13 14:27:58.942 [INF] SYNC: Processed 18131 blocks in the last 11.12s (48736 transactions, height 82461, 2010-09-28 00:11:12 +0200 CEST)
2023-08-13 14:28:08.962 [INF] SYNC: Processed 10609 blocks in the last 10.01s (61035 transactions, height 93070, 2010-11-21 05:02:58 +0100 CET)
2023-08-13 14:28:09.846 [WRN] RPCS: RPC authentication failure from [::1]:45180
2023-08-13 14:28:18.962 [INF] SYNC: Processed 8840 blocks in the last 10s (45137 transactions, height 101910, 2011-01-10 08:08:44 +0100 CET)
2023-08-13 14:28:23.606 [INF] CHAN: Verified checkpoint at height 105000/block 00000000000291ce28027faea320c8d2b054b2e0fe44a773f3eefb151d6bdc97
2023-08-13 14:28:23.606 [INF] SYNC: Downloading headers for blocks 105001 to 134444 from peer 185.119.118.68:8333
2023-08-13 14:28:24.491 [INF] SYNC: Verified downloaded block header against checkpoint at height 134444/hash 00000000000005b12ffd4cd315cd34ffd4a594f430ac814c91184a0d42d2b0fe
2023-08-13 14:28:24.491 [INF] SYNC: Received 29444 block headers: Fetching blocks
2023-08-13 14:28:34.493 [INF] SYNC: Processed 7062 blocks in the last 10s (52112 transactions, height 108972, 2011-02-18 18:50:04 +0100 CET)
2023-08-13 14:28:44.495 [INF] SYNC: Processed 4634 blocks in the last 10s (53938 transactions, height 113606, 2011-03-15 13:01:47 +0100 CET)
2023-08-13 14:28:54.459 [INF] SYNC: Lost peer 35.200.95.220:8333 (outbound)
2023-08-13 14:28:54.496 [INF] SYNC: Processed 2787 blocks in the last 10s (53204 transactions, height 116393, 2011-04-03 01:56:00 +0200 CEST)
2023-08-13 14:28:54.729 [INF] SYNC: New valid peer 34.136.171.109:8333 (outbound) (/Satoshi:22.0.0/)
2023-08-13 14:29:04.524 [INF] SYNC: Processed 2675 blocks in the last 10.02s (34283 transactions, height 119068, 2011-04-19 06:18:54 +0200 CEST)
2023-08-13 14:29:14.535 [INF] SYNC: Processed 3011 blocks in the last 10.01s (51914 transactions, height 122079, 2011-05-05 21:00:31 +0200 CEST)
2023-08-13 14:29:24.536 [INF] SYNC: Processed 2467 blocks in the last 10s (41821 transactions, height 124546, 2011-05-17 09:29:25 +0200 CEST)
2023-08-13 14:29:34.553 [INF] SYNC: Processed 1602 blocks in the last 10.01s (34012 transactions, height 126148, 2011-05-24 01:15:26 +0200 CEST)
2023-08-13 14:29:44.571 [INF] SYNC: Processed 2022 blocks in the last 10.01s (55380 transactions, height 128170, 2011-06-02 15:29:52 +0200 CEST)
2023-08-13 14:29:54.576 [INF] SYNC: Processed 1125 blocks in the last 10s (48778 transactions, height 129295, 2011-06-08 03:52:21 +0200 CEST)
2023-08-13 14:30:04.578 [INF] SYNC: Processed 612 blocks in the last 10s (34441 transactions, height 129907, 2011-06-11 01:32:50 +0200 CEST)
2023-08-13 14:30:14.589 [INF] SYNC: Processed 1066 blocks in the last 10.01s (53151 transactions, height 130973, 2011-06-15 10:46:25 +0200 CEST)
2023-08-13 14:30:24.607 [INF] SYNC: Processed 850 blocks in the last 10.01s (48968 transactions, height 131823, 2011-06-19 13:07:39 +0200 CEST)
2023-08-13 14:30:34.609 [INF] SYNC: Processed 922 blocks in the last 10s (41419 transactions, height 132745, 2011-06-23 08:19:39 +0200 CEST)
2023-08-13 14:30:44.611 [INF] SYNC: Processed 840 blocks in the last 10s (49009 transactions, height 133585, 2011-06-27 23:45:23 +0200 CEST)
2023-08-13 14:30:57.623 [INF] SYNC: Processed 749 blocks in the last 13.01s (44020 transactions, height 134334, 2011-07-02 07:15:42 +0200 CEST)
2023-08-13 14:30:58.548 [INF] CHAN: Verified checkpoint at height 134444/block 00000000000005b12ffd4cd315cd34ffd4a594f430ac814c91184a0d42d2b0fe
2023-08-13 14:30:58.555 [INF] SYNC: Downloading headers for blocks 134445 to 168000 from peer 185.119.118.68:8333
2023-08-13 14:30:59.513 [INF] SYNC: Verified downloaded block header against checkpoint at height 168000/hash 000000000000099e61ea72015e79632f216fe6cb33d7899acb35b75c8303b763
2023-08-13 14:30:59.513 [INF] SYNC: Received 33556 block headers: Fetching blocks
2023-08-13 14:31:09.521 [INF] SYNC: Processed 643 blocks in the last 10s (35727 transactions, height 134977, 2011-07-06 07:56:05 +0200 CEST)
2023-08-13 14:31:19.553 [INF] SYNC: Processed 421 blocks in the last 10.03s (26141 transactions, height 135398, 2011-07-09 03:01:19 +0200 CEST)
2023-08-13 14:31:29.573 [INF] SYNC: Processed 469 blocks in the last 10.02s (28084 transactions, height 135867, 2011-07-12 09:06:54 +0200 CEST)
2023-08-13 14:31:39.663 [INF] SYNC: Processed 480 blocks in the last 10.08s (26277 transactions, height 136347, 2011-07-15 08:33:57 +0200 CEST)
2023-08-13 14:31:49.672 [INF] SYNC: Processed 390 blocks in the last 10s (19804 transactions, height 136737, 2011-07-17 17:00:04 +0200 CEST)
2023-08-13 14:31:59.688 [INF] SYNC: Processed 409 blocks in the last 10.01s (23556 transactions, height 137146, 2011-07-20 07:51:29 +0200 CEST)
2023-08-13 14:32:09.689 [INF] SYNC: Processed 452 blocks in the last 10s (25567 transactions, height 137598, 2011-07-23 07:02:07 +0200 CEST)
2023-08-13 14:32:19.696 [INF] SYNC: Processed 470 blocks in the last 10s (25031 transactions, height 138068, 2011-07-26 06:16:11 +0200 CEST)
2023-08-13 14:32:29.711 [INF] SYNC: Processed 402 blocks in the last 10.01s (18143 transactions, height 138470, 2011-07-28 13:35:32 +0200 CEST)
2023-08-13 14:32:39.728 [INF] SYNC: Processed 231 blocks in the last 10.01s (11698 transactions, height 138701, 2011-07-30 00:29:47 +0200 CEST)
2023-08-13 14:32:49.831 [INF] SYNC: Processed 473 blocks in the last 10.1s (21050 transactions, height 139174, 2011-08-01 20:29:21 +0200 CEST)
2023-08-13 14:32:59.839 [INF] SYNC: Processed 308 blocks in the last 10s (16915 transactions, height 139482, 2011-08-03 21:14:01 +0200 CEST)
2023-08-13 14:33:09.860 [INF] SYNC: Processed 319 blocks in the last 10.02s (18647 transactions, height 139801, 2011-08-06 06:22:50 +0200 CEST)
2023-08-13 14:33:19.915 [INF] SYNC: Processed 417 blocks in the last 10.05s (22283 transactions, height 140218, 2011-08-09 11:15:29 +0200 CEST)
2023-08-13 14:33:30.125 [INF] SYNC: Processed 491 blocks in the last 10.2s (27784 transactions, height 140709, 2011-08-12 21:51:40 +0200 CEST)
2023-08-13 14:33:40.155 [INF] SYNC: Processed 265 blocks in the last 10.02s (15583 transactions, height 140974, 2011-08-14 23:04:12 +0200 CEST)
2023-08-13 14:33:50.159 [INF] SYNC: Processed 344 blocks in the last 10s (21950 transactions, height 141318, 2011-08-17 11:30:45 +0200 CEST)
2023-08-13 14:34:00.172 [INF] SYNC: Processed 300 blocks in the last 10.01s (15950 transactions, height 141618, 2011-08-19 14:23:48 +0200 CEST)
2023-08-13 14:34:10.322 [INF] SYNC: Processed 190 blocks in the last 10.15s (9966 transactions, height 141808, 2011-08-20 22:55:06 +0200 CEST)
2023-08-13 14:34:20.342 [INF] SYNC: Processed 270 blocks in the last 10.02s (12424 transactions, height 142078, 2011-08-22 13:49:55 +0200 CEST)
2023-08-13 14:34:30.358 [INF] SYNC: Processed 568 blocks in the last 10.01s (28159 transactions, height 142646, 2011-08-26 09:34:18 +0200 CEST)
2023-08-13 14:34:40.363 [INF] SYNC: Processed 413 blocks in the last 10s (22806 transactions, height 143059, 2011-08-29 18:02:07 +0200 CEST)
2023-08-13 14:34:50.374 [INF] SYNC: Processed 380 blocks in the last 10.01s (19252 transactions, height 143439, 2011-09-01 07:11:57 +0200 CEST)
2023-08-13 14:35:00.884 [INF] SYNC: Processed 435 blocks in the last 10.51s (20432 transactions, height 143874, 2011-09-04 09:12:39 +0200 CEST)
2023-08-13 14:35:10.911 [INF] SYNC: Processed 304 blocks in the last 10.02s (15204 transactions, height 144178, 2011-09-06 11:22:47 +0200 CEST)
2023-08-13 14:35:20.917 [INF] SYNC: Processed 432 blocks in the last 10s (21824 transactions, height 144610, 2011-09-09 13:19:18 +0200 CEST)
2023-08-13 14:35:30.924 [INF] SYNC: Processed 531 blocks in the last 10s (25072 transactions, height 145141, 2011-09-13 09:43:11 +0200 CEST)
2023-08-13 14:35:40.997 [INF] SYNC: Processed 372 blocks in the last 10.07s (16053 transactions, height 145513, 2011-09-15 22:43:07 +0200 CEST)
2023-08-13 14:35:51.035 [INF] SYNC: Processed 509 blocks in the last 10.03s (22671 transactions, height 146022, 2011-09-19 17:37:24 +0200 CEST)
2023-08-13 14:36:01.111 [INF] SYNC: Processed 325 blocks in the last 10.07s (18234 transactions, height 146347, 2011-09-22 00:40:27 +0200 CEST)
2023-08-13 14:36:11.114 [INF] SYNC: Processed 335 blocks in the last 10s (14837 transactions, height 146682, 2011-09-24 11:14:14 +0200 CEST)
2023-08-13 14:36:21.129 [INF] SYNC: Processed 354 blocks in the last 10.01s (15049 transactions, height 147036, 2011-09-27 01:43:49 +0200 CEST)
2023-08-13 14:36:31.152 [INF] SYNC: Processed 530 blocks in the last 10.02s (23704 transactions, height 147566, 2011-10-01 02:04:01 +0200 CEST)
2023-08-13 14:36:41.162 [INF] SYNC: Processed 555 blocks in the last 10.01s (24049 transactions, height 148121, 2011-10-05 07:43:32 +0200 CEST)
2023-08-13 14:36:51.162 [INF] SYNC: Processed 312 blocks in the last 10s (13111 transactions, height 148433, 2011-10-07 15:55:41 +0200 CEST)
2023-08-13 14:37:01.210 [INF] SYNC: Processed 493 blocks in the last 10.04s (23053 transactions, height 148926, 2011-10-11 18:30:24 +0200 CEST)
2023-08-13 14:37:11.231 [INF] SYNC: Processed 414 blocks in the last 10.02s (20436 transactions, height 149340, 2011-10-15 05:41:08 +0200 CEST)
2023-08-13 14:37:21.261 [INF] SYNC: Processed 532 blocks in the last 10.03s (22474 transactions, height 149872, 2011-10-19 12:35:27 +0200 CEST)
2023-08-13 14:37:31.262 [INF] SYNC: Processed 486 blocks in the last 10s (22256 transactions, height 150358, 2011-10-23 20:38:21 +0200 CEST)
2023-08-13 14:37:41.300 [INF] SYNC: Processed 563 blocks in the last 10.03s (25419 transactions, height 150921, 2011-10-28 17:06:07 +0200 CEST)
2023-08-13 14:37:51.339 [INF] SYNC: Processed 353 blocks in the last 10.03s (15686 transactions, height 151274, 2011-10-31 16:24:58 +0100 CET)
2023-08-13 14:38:01.341 [INF] SYNC: Processed 780 blocks in the last 10s (33310 transactions, height 152054, 2011-11-06 04:27:17 +0100 CET)
2023-08-13 14:38:11.349 [INF] SYNC: Processed 614 blocks in the last 10s (24730 transactions, height 152668, 2011-11-10 09:04:28 +0100 CET)
2023-08-13 14:38:21.369 [INF] SYNC: Processed 538 blocks in the last 10.02s (20964 transactions, height 153206, 2011-11-14 06:01:52 +0100 CET)
2023-08-13 14:38:31.447 [INF] SYNC: Processed 400 blocks in the last 10.07s (16675 transactions, height 153606, 2011-11-17 00:16:12 +0100 CET)
2023-08-13 14:38:41.495 [INF] SYNC: Processed 380 blocks in the last 10.04s (13976 transactions, height 153986, 2011-11-19 19:30:38 +0100 CET)
2023-08-13 14:38:51.572 [INF] SYNC: Processed 427 blocks in the last 10.07s (16692 transactions, height 154413, 2011-11-23 02:08:54 +0100 CET)
2023-08-13 14:39:01.575 [INF] SYNC: Processed 241 blocks in the last 10s (10259 transactions, height 154654, 2011-11-25 00:40:25 +0100 CET)
2023-08-13 14:39:11.613 [INF] SYNC: Processed 366 blocks in the last 10.03s (15092 transactions, height 155020, 2011-11-27 23:43:16 +0100 CET)
2023-08-13 14:39:21.628 [INF] SYNC: Processed 279 blocks in the last 10.01s (13163 transactions, height 155299, 2011-11-30 02:59:25 +0100 CET)
2023-08-13 14:39:31.632 [INF] SYNC: Processed 572 blocks in the last 10s (22209 transactions, height 155871, 2011-12-03 15:21:31 +0100 CET)
2023-08-13 14:39:41.640 [INF] SYNC: Processed 564 blocks in the last 10s (23770 transactions, height 156435, 2011-12-07 07:41:21 +0100 CET)
2023-08-13 14:39:51.737 [INF] SYNC: Processed 495 blocks in the last 10.09s (19048 transactions, height 156930, 2011-12-10 13:17:19 +0100 CET)
2023-08-13 14:40:01.741 [INF] SYNC: Processed 434 blocks in the last 10s (16511 transactions, height 157364, 2011-12-13 18:37:41 +0100 CET)
2023-08-13 14:40:12.910 [INF] SYNC: Processed 486 blocks in the last 11.16s (19164 transactions, height 157850, 2011-12-17 10:20:47 +0100 CET)
2023-08-13 14:40:22.912 [INF] SYNC: Processed 654 blocks in the last 10s (24491 transactions, height 158504, 2011-12-21 21:39:19 +0100 CET)
